usbCameraTest4/build/outputs/logs/manifest-merger-debug-report.txt
-- Merging decision tree log ---
manifest
ADDED from src/main/AndroidManifest.xml:2:1-45:12
	package
		ADDED from src/main/AndroidManifest.xml:3:5-45
		INJECTED from src/main/AndroidManifest.xml
		INJECTED from src/main/AndroidManifest.xml
	android:versionName
		INJECTED from src/main/AndroidManifest.xml
		INJECTED from src/main/AndroidManifest.xml
	xmlns:android
		ADDED from src/main/AndroidManifest.xml:2:11-69
	android:versionCode
		INJECTED from src/main/AndroidManifest.xml
		INJECTED from src/main/AndroidManifest.xml
uses-permission#android.permission.RECORD_AUDIO
ADDED from src/main/AndroidManifest.xml:5:5-70
	android:name
		ADDED from src/main/AndroidManifest.xml:5:22-68
uses-permission#android.permission.WRITE_EXTERNAL_STORAGE
ADDED from src/main/AndroidManifest.xml:6:5-80
	android:name
		ADDED from src/main/AndroidManifest.xml:6:22-78
uses-feature#0x00020000
ADDED from src/main/AndroidManifest.xml:8:5-78
	android:glEsVersion
		ADDED from src/main/AndroidManifest.xml:8:19-51
	android:required
		ADDED from src/main/AndroidManifest.xml:8:52-75
application
ADDED from src/main/AndroidManifest.xml:11:5-43:16
	android:label
		ADDED from src/main/AndroidManifest.xml:14:9-41
	android:allowBackup
		ADDED from src/main/AndroidManifest.xml:12:9-35
	android:icon
		ADDED from src/main/AndroidManifest.xml:13:9-45
	android:theme
		ADDED from src/main/AndroidManifest.xml:15:9-40
activity#com.serenegiant.usbcameratest4.MainActivity
ADDED from src/main/AndroidManifest.xml:16:9-34:24
	android:label
		ADDED from src/main/AndroidManifest.xml:18:13-45
	android:launchMode
		ADDED from src/main/AndroidManifest.xml:19:13-44
	android:name
		ADDED from src/main/AndroidManifest.xml:17:13-41
intent-filter#android.intent.action.MAIN+android.intent.category.LAUNCHER
ADDED from src/main/AndroidManifest.xml:20:13-24:29
action#android.intent.action.MAIN
ADDED from src/main/AndroidManifest.xml:21:17-69
	android:name
		ADDED from src/main/AndroidManifest.xml:21:25-66
category#android.intent.category.LAUNCHER
ADDED from src/main/AndroidManifest.xml:23:17-77
	android:name
		ADDED from src/main/AndroidManifest.xml:23:27-74
intent-filter#android.hardware.usb.action.USB_DEVICE_ATTACHED
ADDED from src/main/AndroidManifest.xml:25:4-27:20
action#android.hardware.usb.action.USB_DEVICE_ATTACHED
ADDED from src/main/AndroidManifest.xml:26:5-78
	android:name
		ADDED from src/main/AndroidManifest.xml:26:13-75
intent-filter#android.hardware.usb.action.USB_DEVICE_DETACHED
ADDED from src/main/AndroidManifest.xml:28:4-30:20
action#android.hardware.usb.action.USB_DEVICE_DETACHED
ADDED from src/main/AndroidManifest.xml:29:5-78
	android:name
		ADDED from src/main/AndroidManifest.xml:29:13-75
meta-data#android.hardware.usb.action.USB_DEVICE_ATTACHED
ADDED from src/main/AndroidManifest.xml:31:4-33:45
	android:resource
		ADDED from src/main/AndroidManifest.xml:33:5-42
	android:name
		ADDED from src/main/AndroidManifest.xml:32:5-67
service#com.serenegiant.service.UVCService
ADDED from src/main/AndroidManifest.xml:35:9-42:13
	android:process
		ADDED from src/main/AndroidManifest.xml:37:4-33
	android:name
		ADDED from src/main/AndroidManifest.xml:36:13-62
intent-filter#com.serenegiant.service.IUVCService+com.serenegiant.service.IUVCSlaveService
ADDED from src/main/AndroidManifest.xml:38:13-41:20
action#com.serenegiant.service.IUVCService
ADDED from src/main/AndroidManifest.xml:39:17-78
	android:name
		ADDED from src/main/AndroidManifest.xml:39:25-75
action#com.serenegiant.service.IUVCSlaveService
ADDED from src/main/AndroidManifest.xml:40:17-83
	android:name
		ADDED from src/main/AndroidManifest.xml:40:25-80
uses-sdk
INJECTED from src/main/AndroidManifest.xml reason: use-sdk injection requested
MERGED from [CameraOTG-master:usbCameraCommon:unspecified] AndroidManifest.xml:28:5-30:41
MERGED from [CameraOTG-master:libuvccamera:unspecified] AndroidManifest.xml:29:5-31:41
MERGED from [com.serenegiant:common:1.4.3] AndroidManifest.xml:8:5-10:41
	android:targetSdkVersion
		INJECTED from src/main/AndroidManifest.xml
		INJECTED from src/main/AndroidManifest.xml
	android:minSdkVersion
		INJECTED from src/main/AndroidManifest.xml
		INJECTED from src/main/AndroidManifest.xml